<html>
<head>
<title>TestNG:  Test</title>
<link href="../testng.css" rel="stylesheet" type="text/css" />
<link href="../my-testng.css" rel="stylesheet" type="text/css" />

<style type="text/css">
.log { display: none;} 
.stack-trace { display: none;} 
</style>
<script type="text/javascript">
<!--
function flip(e) {
  current = e.style.display;
  if (current == 'block') {
    e.style.display = 'none';
    return 0;
  }
  else {
    e.style.display = 'block';
    return 1;
  }
}

function toggleBox(szDivId, elem, msg1, msg2)
{
  var res = -1;  if (document.getElementById) {
    res = flip(document.getElementById(szDivId));
  }
  else if (document.all) {
    // this is the way old msie versions work
    res = flip(document.all[szDivId]);
  }
  if(elem) {
    if(res == 0) elem.innerHTML = msg1; else elem.innerHTML = msg2;
  }

}

function toggleAllBoxes() {
  if (document.getElementsByTagName) {
    d = document.getElementsByTagName('div');
    for (i = 0; i < d.length; i++) {
      if (d[i].className == 'log') {
        flip(d[i]);
      }
    }
  }
}

// -->
</script>

</head>
<body>
<h2 align='center'>Test</h2><table border='1' align="center">
<tr>
<td>Tests passed/Failed/Skipped:</td><td>67/9/2</td>
</tr><tr>
<td>Started on:</td><td>Fri Jul 14 20:37:20 IST 2023</td>
</tr>
<tr><td>Total time:</td><td>24775 seconds (24775085 ms)</td>
</tr><tr>
<td>Included groups:</td><td></td>
</tr><tr>
<td>Excluded groups:</td><td></td>
</tr>
</table><p/>
<small><i>(Hover the method name to see the test class name)</i></small><p/>
<table width='100%' border='1' class='invocation-failed'>
<tr><td colspan='4' align='center'><b>FAILED TESTS</b></td></tr>
<tr><td><b>Test method</b></td>
<td width="30%"><b>Exception</b></td>
<td width="10%"><b>Time (seconds)</b></td>
<td><b>Instance</b></td>
</tr>
<tr>
<td title='testCases.NormalUserPendingRequestTest.VerifyReturnRequestWithRejectFunctionality()'><b>VerifyReturnRequestWithRejectFunctionality</b><br>Test class: testCases.NormalUserPendingRequestTest</td>
<td><div><pre>java.lang.AssertionError: java.lang.NullPointerException: Cannot invoke &quot;org.openqa.selenium.WebElement.clear()&quot; because &quot;element&quot; is null
	at utils.WebBasePage.enter(WebBasePage.java:81)
	at pageObjects.UserLoginPage.enterUserName(UserLoginPage.java:37)
	at pageObjects.UserLoginPage.forcefulLogOutLogin(UserLoginPage.java:83)
	at actions.LoginAction.logoutLogin(LoginAction.java:26)
	at testCases.NormalUserPendingRequestTest.VerifyReturnRequestWithRejectFunctionality(NormalUserPendingRequestTest.java:128)
	at java.base/java.util.ArrayList.forEach(ArrayList.java:1511)
... Removed 28 stack frames</pre></div><a href='#' onClick='toggleBox("stack-trace1514062479", this, "Click to show all stack frames", "Click to hide stack frames")'>Click to show all stack frames</a>
<div class='stack-trace' id='stack-trace1514062479'><pre>java.lang.AssertionError: java.lang.NullPointerException: Cannot invoke &quot;org.openqa.selenium.WebElement.clear()&quot; because &quot;element&quot; is null
	at org.testng.Assert.fail(Assert.java:99)
	at utils.WebBasePage.enter(WebBasePage.java:81)
	at pageObjects.UserLoginPage.enterUserName(UserLoginPage.java:37)
	at pageObjects.UserLoginPage.forcefulLogOutLogin(UserLoginPage.java:83)
	at actions.LoginAction.logoutLogin(LoginAction.java:26)
	at testCases.NormalUserPendingRequestTest.VerifyReturnRequestWithRejectFunctionality(NormalUserPendingRequestTest.java:128)
	at java.base/jdk.internal.reflect.NativeMethodAccessorImpl.invoke0(Native Method)
	at java.base/jdk.internal.reflect.NativeMethodAccessorImpl.invoke(NativeMethodAccessorImpl.java:77)
	at java.base/jdk.internal.reflect.DelegatingMethodAccessorImpl.invoke(DelegatingMethodAccessorImpl.java:43)
	at java.base/java.lang.reflect.Method.invoke(Method.java:568)
	at org.testng.internal.MethodInvocationHelper.invokeMethod(MethodInvocationHelper.java:133)
	at org.testng.internal.TestInvoker.invokeMethod(TestInvoker.java:598)
	at org.testng.internal.TestInvoker.invokeTestMethod(TestInvoker.java:173)
	at org.testng.internal.MethodRunner.runInSequence(MethodRunner.java:46)
	at org.testng.internal.TestInvoker$MethodInvocationAgent.invoke(TestInvoker.java:824)
	at org.testng.internal.TestInvoker.invokeTestMethods(TestInvoker.java:146)
	at org.testng.internal.TestMethodWorker.invokeTestMethods(TestMethodWorker.java:146)
	at org.testng.internal.TestMethodWorker.run(TestMethodWorker.java:128)
	at java.base/java.util.ArrayList.forEach(ArrayList.java:1511)
	at org.testng.TestRunner.privateRun(TestRunner.java:794)
	at org.testng.TestRunner.run(TestRunner.java:596)
	at org.testng.SuiteRunner.runTest(SuiteRunner.java:377)
	at org.testng.SuiteRunner.runSequentially(SuiteRunner.java:371)
	at org.testng.SuiteRunner.privateRun(SuiteRunner.java:332)
	at org.testng.SuiteRunner.run(SuiteRunner.java:276)
	at org.testng.SuiteRunnerWorker.runSuite(SuiteRunnerWorker.java:53)
	at org.testng.SuiteRunnerWorker.run(SuiteRunnerWorker.java:96)
	at org.testng.TestNG.runSuitesSequentially(TestNG.java:1212)
	at org.testng.TestNG.runSuitesLocally(TestNG.java:1134)
	at org.testng.TestNG.runSuites(TestNG.java:1063)
	at org.testng.TestNG.run(TestNG.java:1031)
	at org.testng.remote.AbstractRemoteTestNG.run(AbstractRemoteTestNG.java:115)
	at org.testng.remote.RemoteTestNG.initAndRun(RemoteTestNG.java:251)
	at org.testng.remote.RemoteTestNG.main(RemoteTestNG.java:77)
</pre></div></td>
<td>895</td>
<td>testCases.NormalUserPendingRequestTest@6b81ce95</td></tr>
<tr>
<td title='testCases.NormalUserPendingRequestTest.VerifyReplaceRequestwithRejectFunctionality()'><b>VerifyReplaceRequestwithRejectFunctionality</b><br>Test class: testCases.NormalUserPendingRequestTest</td>
<td><div><pre>java.lang.AssertionError: org.openqa.selenium.NoSuchElementException: Cannot locate element with text: ProductTypeName230714231642
For documentation on this error, please visit: https://www.seleniumhq.org/exceptions/no_such_element.html
Build info: version: &apos;3.141.59&apos;, revision: &apos;e82be7d358&apos;, time: &apos;2018-11-14T08:17:03&apos;
System info: host: &apos;COG-WIN-MAC03&apos;, ip: &apos;192.168.0.159&apos;, os.name: &apos;Windows 10&apos;, os.arch: &apos;amd64&apos;, os.version: &apos;10.0&apos;, java.version: &apos;17.0.2&apos;
Driver info: driver.version: unknown
	at utils.WebBasePage.selectValueWithText(WebBasePage.java:177)
	at pageObjects.MyProductsPage.clickOnSelectProductType(MyProductsPage.java:424)
	at actions.MyProductsAction.checkFunctionalityOfAddCheckOutRequest(MyProductsAction.java:132)
	at testCases.NormalUserPendingRequestTest.VerifyReplaceRequestwithRejectFunctionality(NormalUserPendingRequestTest.java:333)
	at java.base/java.util.ArrayList.forEach(ArrayList.java:1511)
... Removed 28 stack frames</pre></div><a href='#' onClick='toggleBox("stack-trace1023426865", this, "Click to show all stack frames", "Click to hide stack frames")'>Click to show all stack frames</a>
<div class='stack-trace' id='stack-trace1023426865'><pre>java.lang.AssertionError: org.openqa.selenium.NoSuchElementException: Cannot locate element with text: ProductTypeName230714231642
For documentation on this error, please visit: https://www.seleniumhq.org/exceptions/no_such_element.html
Build info: version: &apos;3.141.59&apos;, revision: &apos;e82be7d358&apos;, time: &apos;2018-11-14T08:17:03&apos;
System info: host: &apos;COG-WIN-MAC03&apos;, ip: &apos;192.168.0.159&apos;, os.name: &apos;Windows 10&apos;, os.arch: &apos;amd64&apos;, os.version: &apos;10.0&apos;, java.version: &apos;17.0.2&apos;
Driver info: driver.version: unknown
	at org.testng.Assert.fail(Assert.java:99)
	at utils.WebBasePage.selectValueWithText(WebBasePage.java:177)
	at pageObjects.MyProductsPage.clickOnSelectProductType(MyProductsPage.java:424)
	at actions.MyProductsAction.checkFunctionalityOfAddCheckOutRequest(MyProductsAction.java:132)
	at testCases.NormalUserPendingRequestTest.VerifyReplaceRequestwithRejectFunctionality(NormalUserPendingRequestTest.java:333)
	at java.base/jdk.internal.reflect.NativeMethodAccessorImpl.invoke0(Native Method)
	at java.base/jdk.internal.reflect.NativeMethodAccessorImpl.invoke(NativeMethodAccessorImpl.java:77)
	at java.base/jdk.internal.reflect.DelegatingMethodAccessorImpl.invoke(DelegatingMethodAccessorImpl.java:43)
	at java.base/java.lang.reflect.Method.invoke(Method.java:568)
	at org.testng.internal.MethodInvocationHelper.invokeMethod(MethodInvocationHelper.java:133)
	at org.testng.internal.TestInvoker.invokeMethod(TestInvoker.java:598)
	at org.testng.internal.TestInvoker.invokeTestMethod(TestInvoker.java:173)
	at org.testng.internal.MethodRunner.runInSequence(MethodRunner.java:46)
	at org.testng.internal.TestInvoker$MethodInvocationAgent.invoke(TestInvoker.java:824)
	at org.testng.internal.TestInvoker.invokeTestMethods(TestInvoker.java:146)
	at org.testng.internal.TestMethodWorker.invokeTestMethods(TestMethodWorker.java:146)
	at org.testng.internal.TestMethodWorker.run(TestMethodWorker.java:128)
	at java.base/java.util.ArrayList.forEach(ArrayList.java:1511)
	at org.testng.TestRunner.privateRun(TestRunner.java:794)
	at org.testng.TestRunner.run(TestRunner.java:596)
	at org.testng.SuiteRunner.runTest(SuiteRunner.java:377)
	at org.testng.SuiteRunner.runSequentially(SuiteRunner.java:371)
	at org.testng.SuiteRunner.privateRun(SuiteRunner.java:332)
	at org.testng.SuiteRunner.run(SuiteRunner.java:276)
	at org.testng.SuiteRunnerWorker.runSuite(SuiteRunnerWorker.java:53)
	at org.testng.SuiteRunnerWorker.run(SuiteRunnerWorker.java:96)
	at org.testng.TestNG.runSuitesSequentially(TestNG.java:1212)
	at org.testng.TestNG.runSuitesLocally(TestNG.java:1134)
	at org.testng.TestNG.runSuites(TestNG.java:1063)
	at org.testng.TestNG.run(TestNG.java:1031)
	at org.testng.remote.AbstractRemoteTestNG.run(AbstractRemoteTestNG.java:115)
	at org.testng.remote.RemoteTestNG.initAndRun(RemoteTestNG.java:251)
	at org.testng.remote.RemoteTestNG.main(RemoteTestNG.java:77)
</pre></div></td>
<td>229</td>
<td>testCases.NormalUserPendingRequestTest@6b81ce95</td></tr>
<tr>
<td title='testCases.ProductReportTest.validateFunctionalityOfProductAssignmentReportWithToadyDate()'><b>validateFunctionalityOfProductAssignmentReportWithToadyDate</b><br>Test class: testCases.ProductReportTest</td>
<td><div><pre>java.lang.AssertionError: Product Name -  element not present
	at utils.WebBasePage.click(WebBasePage.java:126)
	at pageObjects.ProductReportPage.selectProductName(ProductReportPage.java:147)
	at actions.ProductReportAction.validateProductAssignmentReportWithTodayDate(ProductReportAction.java:63)
	at testCases.ProductReportTest.validateFunctionalityOfProductAssignmentReportWithToadyDate(ProductReportTest.java:147)
	at java.base/java.util.ArrayList.forEach(ArrayList.java:1511)
... Removed 28 stack frames</pre></div><a href='#' onClick='toggleBox("stack-trace1489975053", this, "Click to show all stack frames", "Click to hide stack frames")'>Click to show all stack frames</a>
<div class='stack-trace' id='stack-trace1489975053'><pre>java.lang.AssertionError: Product Name -  element not present
	at org.testng.Assert.fail(Assert.java:99)
	at utils.WebBasePage.click(WebBasePage.java:126)
	at pageObjects.ProductReportPage.selectProductName(ProductReportPage.java:147)
	at actions.ProductReportAction.validateProductAssignmentReportWithTodayDate(ProductReportAction.java:63)
	at testCases.ProductReportTest.validateFunctionalityOfProductAssignmentReportWithToadyDate(ProductReportTest.java:147)
	at java.base/jdk.internal.reflect.NativeMethodAccessorImpl.invoke0(Native Method)
	at java.base/jdk.internal.reflect.NativeMethodAccessorImpl.invoke(NativeMethodAccessorImpl.java:77)
	at java.base/jdk.internal.reflect.DelegatingMethodAccessorImpl.invoke(DelegatingMethodAccessorImpl.java:43)
	at java.base/java.lang.reflect.Method.invoke(Method.java:568)
	at org.testng.internal.MethodInvocationHelper.invokeMethod(MethodInvocationHelper.java:133)
	at org.testng.internal.TestInvoker.invokeMethod(TestInvoker.java:598)
	at org.testng.internal.TestInvoker.invokeTestMethod(TestInvoker.java:173)
	at org.testng.internal.MethodRunner.runInSequence(MethodRunner.java:46)
	at org.testng.internal.TestInvoker$MethodInvocationAgent.invoke(TestInvoker.java:824)
	at org.testng.internal.TestInvoker.invokeTestMethods(TestInvoker.java:146)
	at org.testng.internal.TestMethodWorker.invokeTestMethods(TestMethodWorker.java:146)
	at org.testng.internal.TestMethodWorker.run(TestMethodWorker.java:128)
	at java.base/java.util.ArrayList.forEach(ArrayList.java:1511)
	at org.testng.TestRunner.privateRun(TestRunner.java:794)
	at org.testng.TestRunner.run(TestRunner.java:596)
	at org.testng.SuiteRunner.runTest(SuiteRunner.java:377)
	at org.testng.SuiteRunner.runSequentially(SuiteRunner.java:371)
	at org.testng.SuiteRunner.privateRun(SuiteRunner.java:332)
	at org.testng.SuiteRunner.run(SuiteRunner.java:276)
	at org.testng.SuiteRunnerWorker.runSuite(SuiteRunnerWorker.java:53)
	at org.testng.SuiteRunnerWorker.run(SuiteRunnerWorker.java:96)
	at org.testng.TestNG.runSuitesSequentially(TestNG.java:1212)
	at org.testng.TestNG.runSuitesLocally(TestNG.java:1134)
	at org.testng.TestNG.runSuites(TestNG.java:1063)
	at org.testng.TestNG.run(TestNG.java:1031)
	at org.testng.remote.AbstractRemoteTestNG.run(AbstractRemoteTestNG.java:115)
	at org.testng.remote.RemoteTestNG.initAndRun(RemoteTestNG.java:251)
	at org.testng.remote.RemoteTestNG.main(RemoteTestNG.java:77)
</pre></div></td>
<td>90</td>
<td>testCases.ProductReportTest@6d763516</td></tr>
<tr>
<td title='testCases.NewProductTypeRequestTest.validateRejectFunctionalityForNewProductTypeRequest()'><b>validateRejectFunctionalityForNewProductTypeRequest</b><br>Test class: testCases.NewProductTypeRequestTest</td>
<td><div><pre>java.lang.AssertionError: View Button -  element not present
	at utils.WebBasePage.click(WebBasePage.java:126)
	at pageObjects.NewProductTypeRequestPage.clickOnViewButton(NewProductTypeRequestPage.java:317)
	at actions.NewProductTypeRequestAction.verifyRejectionFunctionality(NewProductTypeRequestAction.java:89)
	at testCases.NewProductTypeRequestTest.validateRejectFunctionalityForNewProductTypeRequest(NewProductTypeRequestTest.java:81)
	at java.base/java.util.ArrayList.forEach(ArrayList.java:1511)
... Removed 28 stack frames</pre></div><a href='#' onClick='toggleBox("stack-trace614159535", this, "Click to show all stack frames", "Click to hide stack frames")'>Click to show all stack frames</a>
<div class='stack-trace' id='stack-trace614159535'><pre>java.lang.AssertionError: View Button -  element not present
	at org.testng.Assert.fail(Assert.java:99)
	at utils.WebBasePage.click(WebBasePage.java:126)
	at pageObjects.NewProductTypeRequestPage.clickOnViewButton(NewProductTypeRequestPage.java:317)
	at actions.NewProductTypeRequestAction.verifyRejectionFunctionality(NewProductTypeRequestAction.java:89)
	at testCases.NewProductTypeRequestTest.validateRejectFunctionalityForNewProductTypeRequest(NewProductTypeRequestTest.java:81)
	at java.base/jdk.internal.reflect.NativeMethodAccessorImpl.invoke0(Native Method)
	at java.base/jdk.internal.reflect.NativeMethodAccessorImpl.invoke(NativeMethodAccessorImpl.java:77)
	at java.base/jdk.internal.reflect.DelegatingMethodAccessorImpl.invoke(DelegatingMethodAccessorImpl.java:43)
	at java.base/java.lang.reflect.Method.invoke(Method.java:568)
	at org.testng.internal.MethodInvocationHelper.invokeMethod(MethodInvocationHelper.java:133)
	at org.testng.internal.TestInvoker.invokeMethod(TestInvoker.java:598)
	at org.testng.internal.TestInvoker.invokeTestMethod(TestInvoker.java:173)
	at org.testng.internal.MethodRunner.runInSequence(MethodRunner.java:46)
	at org.testng.internal.TestInvoker$MethodInvocationAgent.invoke(TestInvoker.java:824)
	at org.testng.internal.TestInvoker.invokeTestMethods(TestInvoker.java:146)
	at org.testng.internal.TestMethodWorker.invokeTestMethods(TestMethodWorker.java:146)
	at org.testng.internal.TestMethodWorker.run(TestMethodWorker.java:128)
	at java.base/java.util.ArrayList.forEach(ArrayList.java:1511)
	at org.testng.TestRunner.privateRun(TestRunner.java:794)
	at org.testng.TestRunner.run(TestRunner.java:596)
	at org.testng.SuiteRunner.runTest(SuiteRunner.java:377)
	at org.testng.SuiteRunner.runSequentially(SuiteRunner.java:371)
	at org.testng.SuiteRunner.privateRun(SuiteRunner.java:332)
	at org.testng.SuiteRunner.run(SuiteRunner.java:276)
	at org.testng.SuiteRunnerWorker.runSuite(SuiteRunnerWorker.java:53)
	at org.testng.SuiteRunnerWorker.run(SuiteRunnerWorker.java:96)
	at org.testng.TestNG.runSuitesSequentially(TestNG.java:1212)
	at org.testng.TestNG.runSuitesLocally(TestNG.java:1134)
	at org.testng.TestNG.runSuites(TestNG.java:1063)
	at org.testng.TestNG.run(TestNG.java:1031)
	at org.testng.remote.AbstractRemoteTestNG.run(AbstractRemoteTestNG.java:115)
	at org.testng.remote.RemoteTestNG.initAndRun(RemoteTestNG.java:251)
	at org.testng.remote.RemoteTestNG.main(RemoteTestNG.java:77)
</pre></div></td>
<td>193</td>
<td>testCases.NewProductTypeRequestTest@5876a9af</td></tr>
<tr>
<td title='testCases.ProductReportTest.validateFunctionalityOfProductAssignmentReportWithProductName()'><b>validateFunctionalityOfProductAssignmentReportWithProductName</b><br>Test class: testCases.ProductReportTest</td>
<td><div><pre>java.lang.AssertionError: Product Name -  element not present
	at utils.WebBasePage.click(WebBasePage.java:126)
	at pageObjects.ProductReportPage.selectProductName(ProductReportPage.java:147)
	at actions.ProductReportAction.validateProductAssignmentReportWithProductName(ProductReportAction.java:51)
	at testCases.ProductReportTest.validateFunctionalityOfProductAssignmentReportWithProductName(ProductReportTest.java:101)
	at java.base/java.util.ArrayList.forEach(ArrayList.java:1511)
... Removed 28 stack frames</pre></div><a href='#' onClick='toggleBox("stack-trace1671647111", this, "Click to show all stack frames", "Click to hide stack frames")'>Click to show all stack frames</a>
<div class='stack-trace' id='stack-trace1671647111'><pre>java.lang.AssertionError: Product Name -  element not present
	at org.testng.Assert.fail(Assert.java:99)
	at utils.WebBasePage.click(WebBasePage.java:126)
	at pageObjects.ProductReportPage.selectProductName(ProductReportPage.java:147)
	at actions.ProductReportAction.validateProductAssignmentReportWithProductName(ProductReportAction.java:51)
	at testCases.ProductReportTest.validateFunctionalityOfProductAssignmentReportWithProductName(ProductReportTest.java:101)
	at java.base/jdk.internal.reflect.NativeMethodAccessorImpl.invoke0(Native Method)
	at java.base/jdk.internal.reflect.NativeMethodAccessorImpl.invoke(NativeMethodAccessorImpl.java:77)
	at java.base/jdk.internal.reflect.DelegatingMethodAccessorImpl.invoke(DelegatingMethodAccessorImpl.java:43)
	at java.base/java.lang.reflect.Method.invoke(Method.java:568)
	at org.testng.internal.MethodInvocationHelper.invokeMethod(MethodInvocationHelper.java:133)
	at org.testng.internal.TestInvoker.invokeMethod(TestInvoker.java:598)
	at org.testng.internal.TestInvoker.invokeTestMethod(TestInvoker.java:173)
	at org.testng.internal.MethodRunner.runInSequence(MethodRunner.java:46)
	at org.testng.internal.TestInvoker$MethodInvocationAgent.invoke(TestInvoker.java:824)
	at org.testng.internal.TestInvoker.invokeTestMethods(TestInvoker.java:146)
	at org.testng.internal.TestMethodWorker.invokeTestMethods(TestMethodWorker.java:146)
	at org.testng.internal.TestMethodWorker.run(TestMethodWorker.java:128)
	at java.base/java.util.ArrayList.forEach(ArrayList.java:1511)
	at org.testng.TestRunner.privateRun(TestRunner.java:794)
	at org.testng.TestRunner.run(TestRunner.java:596)
	at org.testng.SuiteRunner.runTest(SuiteRunner.java:377)
	at org.testng.SuiteRunner.runSequentially(SuiteRunner.java:371)
	at org.testng.SuiteRunner.privateRun(SuiteRunner.java:332)
	at org.testng.SuiteRunner.run(SuiteRunner.java:276)
	at org.testng.SuiteRunnerWorker.runSuite(SuiteRunnerWorker.java:53)
	at org.testng.SuiteRunnerWorker.run(SuiteRunnerWorker.java:96)
	at org.testng.TestNG.runSuitesSequentially(TestNG.java:1212)
	at org.testng.TestNG.runSuitesLocally(TestNG.java:1134)
	at org.testng.TestNG.runSuites(TestNG.java:1063)
	at org.testng.TestNG.run(TestNG.java:1031)
	at org.testng.remote.AbstractRemoteTestNG.run(AbstractRemoteTestNG.java:115)
	at org.testng.remote.RemoteTestNG.initAndRun(RemoteTestNG.java:251)
	at org.testng.remote.RemoteTestNG.main(RemoteTestNG.java:77)
</pre></div></td>
<td>73</td>
<td>testCases.ProductReportTest@6d763516</td></tr>
<tr>
<td title='testCases.NewProductTypeRequestTest.addNewProductType()'><b>addNewProductType</b><br>Test class: testCases.NewProductTypeRequestTest</td>
<td><div><pre>java.lang.AssertionError: Save Button -  element not clickable
	at utils.WebBasePage.click(WebBasePage.java:119)
	at pageObjects.NewProductTypeRequestPage.clickOnSave(NewProductTypeRequestPage.java:93)
	at actions.NewProductTypeRequestAction.checkFunctionalityOfRequestNewProductType(NewProductTypeRequestAction.java:46)
	at testCases.NewProductTypeRequestTest.addNewProductType(NewProductTypeRequestTest.java:35)
	at java.base/java.util.ArrayList.forEach(ArrayList.java:1511)
... Removed 28 stack frames</pre></div><a href='#' onClick='toggleBox("stack-trace1357597228", this, "Click to show all stack frames", "Click to hide stack frames")'>Click to show all stack frames</a>
<div class='stack-trace' id='stack-trace1357597228'><pre>java.lang.AssertionError: Save Button -  element not clickable
	at org.testng.Assert.fail(Assert.java:99)
	at utils.WebBasePage.click(WebBasePage.java:119)
	at pageObjects.NewProductTypeRequestPage.clickOnSave(NewProductTypeRequestPage.java:93)
	at actions.NewProductTypeRequestAction.checkFunctionalityOfRequestNewProductType(NewProductTypeRequestAction.java:46)
	at testCases.NewProductTypeRequestTest.addNewProductType(NewProductTypeRequestTest.java:35)
	at java.base/jdk.internal.reflect.NativeMethodAccessorImpl.invoke0(Native Method)
	at java.base/jdk.internal.reflect.NativeMethodAccessorImpl.invoke(NativeMethodAccessorImpl.java:77)
	at java.base/jdk.internal.reflect.DelegatingMethodAccessorImpl.invoke(DelegatingMethodAccessorImpl.java:43)
	at java.base/java.lang.reflect.Method.invoke(Method.java:568)
	at org.testng.internal.MethodInvocationHelper.invokeMethod(MethodInvocationHelper.java:133)
	at org.testng.internal.TestInvoker.invokeMethod(TestInvoker.java:598)
	at org.testng.internal.TestInvoker.invokeTestMethod(TestInvoker.java:173)
	at org.testng.internal.MethodRunner.runInSequence(MethodRunner.java:46)
	at org.testng.internal.TestInvoker$MethodInvocationAgent.invoke(TestInvoker.java:824)
	at org.testng.internal.TestInvoker.invokeTestMethods(TestInvoker.java:146)
	at org.testng.internal.TestMethodWorker.invokeTestMethods(TestMethodWorker.java:146)
	at org.testng.internal.TestMethodWorker.run(TestMethodWorker.java:128)
	at java.base/java.util.ArrayList.forEach(ArrayList.java:1511)
	at org.testng.TestRunner.privateRun(TestRunner.java:794)
	at org.testng.TestRunner.run(TestRunner.java:596)
	at org.testng.SuiteRunner.runTest(SuiteRunner.java:377)
	at org.testng.SuiteRunner.runSequentially(SuiteRunner.java:371)
	at org.testng.SuiteRunner.privateRun(SuiteRunner.java:332)
	at org.testng.SuiteRunner.run(SuiteRunner.java:276)
	at org.testng.SuiteRunnerWorker.runSuite(SuiteRunnerWorker.java:53)
	at org.testng.SuiteRunnerWorker.run(SuiteRunnerWorker.java:96)
	at org.testng.TestNG.runSuitesSequentially(TestNG.java:1212)
	at org.testng.TestNG.runSuitesLocally(TestNG.java:1134)
	at org.testng.TestNG.runSuites(TestNG.java:1063)
	at org.testng.TestNG.run(TestNG.java:1031)
	at org.testng.remote.AbstractRemoteTestNG.run(AbstractRemoteTestNG.java:115)
	at org.testng.remote.RemoteTestNG.initAndRun(RemoteTestNG.java:251)
	at org.testng.remote.RemoteTestNG.main(RemoteTestNG.java:77)
</pre></div></td>
<td>191</td>
<td>testCases.NewProductTypeRequestTest@5876a9af</td></tr>
<tr>
<td title='testCases.ProductReportTest.validateFunctionalityOfProductReportWithProductType()'><b>validateFunctionalityOfProductReportWithProductType</b><br>Test class: testCases.ProductReportTest</td>
<td><div><pre>java.lang.AssertionError: Expand arrow -  element not present
	at utils.WebBasePage.click(WebBasePage.java:126)
	at pageObjects.ProductReportPage.validateProjectNameInProjectReport(ProductReportPage.java:670)
	at actions.ProductReportAction.validateProductReportWithProductType(ProductReportAction.java:207)
	at testCases.ProductReportTest.validateFunctionalityOfProductReportWithProductType(ProductReportTest.java:430)
	at java.base/java.util.ArrayList.forEach(ArrayList.java:1511)
... Removed 28 stack frames</pre></div><a href='#' onClick='toggleBox("stack-trace702183411", this, "Click to show all stack frames", "Click to hide stack frames")'>Click to show all stack frames</a>
<div class='stack-trace' id='stack-trace702183411'><pre>java.lang.AssertionError: Expand arrow -  element not present
	at org.testng.Assert.fail(Assert.java:99)
	at utils.WebBasePage.click(WebBasePage.java:126)
	at pageObjects.ProductReportPage.validateProjectNameInProjectReport(ProductReportPage.java:670)
	at actions.ProductReportAction.validateProductReportWithProductType(ProductReportAction.java:207)
	at testCases.ProductReportTest.validateFunctionalityOfProductReportWithProductType(ProductReportTest.java:430)
	at java.base/jdk.internal.reflect.NativeMethodAccessorImpl.invoke0(Native Method)
	at java.base/jdk.internal.reflect.NativeMethodAccessorImpl.invoke(NativeMethodAccessorImpl.java:77)
	at java.base/jdk.internal.reflect.DelegatingMethodAccessorImpl.invoke(DelegatingMethodAccessorImpl.java:43)
	at java.base/java.lang.reflect.Method.invoke(Method.java:568)
	at org.testng.internal.MethodInvocationHelper.invokeMethod(MethodInvocationHelper.java:133)
	at org.testng.internal.TestInvoker.invokeMethod(TestInvoker.java:598)
	at org.testng.internal.TestInvoker.invokeTestMethod(TestInvoker.java:173)
	at org.testng.internal.MethodRunner.runInSequence(MethodRunner.java:46)
	at org.testng.internal.TestInvoker$MethodInvocationAgent.invoke(TestInvoker.java:824)
	at org.testng.internal.TestInvoker.invokeTestMethods(TestInvoker.java:146)
	at org.testng.internal.TestMethodWorker.invokeTestMethods(TestMethodWorker.java:146)
	at org.testng.internal.TestMethodWorker.run(TestMethodWorker.java:128)
	at java.base/java.util.ArrayList.forEach(ArrayList.java:1511)
	at org.testng.TestRunner.privateRun(TestRunner.java:794)
	at org.testng.TestRunner.run(TestRunner.java:596)
	at org.testng.SuiteRunner.runTest(SuiteRunner.java:377)
	at org.testng.SuiteRunner.runSequentially(SuiteRunner.java:371)
	at org.testng.SuiteRunner.privateRun(SuiteRunner.java:332)
	at org.testng.SuiteRunner.run(SuiteRunner.java:276)
	at org.testng.SuiteRunnerWorker.runSuite(SuiteRunnerWorker.java:53)
	at org.testng.SuiteRunnerWorker.run(SuiteRunnerWorker.java:96)
	at org.testng.TestNG.runSuitesSequentially(TestNG.java:1212)
	at org.testng.TestNG.runSuitesLocally(TestNG.java:1134)
	at org.testng.TestNG.runSuites(TestNG.java:1063)
	at org.testng.TestNG.run(TestNG.java:1031)
	at org.testng.remote.AbstractRemoteTestNG.run(AbstractRemoteTestNG.java:115)
	at org.testng.remote.RemoteTestNG.initAndRun(RemoteTestNG.java:251)
	at org.testng.remote.RemoteTestNG.main(RemoteTestNG.java:77)
</pre></div></td>
<td>105</td>
<td>testCases.ProductReportTest@6d763516</td></tr>
<tr>
<td title='testCases.NewProductTypeRequestTest.validateApproveFunctionalityForNewProductTypeRequest()'><b>validateApproveFunctionalityForNewProductTypeRequest</b><br>Test class: testCases.NewProductTypeRequestTest</td>
<td><div><pre>java.lang.AssertionError: View Button -  element not present
	at utils.WebBasePage.click(WebBasePage.java:126)
	at pageObjects.NewProductTypeRequestPage.clickOnViewButton(NewProductTypeRequestPage.java:317)
	at actions.NewProductTypeRequestAction.verifyApproveFunctionality(NewProductTypeRequestAction.java:76)
	at testCases.NewProductTypeRequestTest.validateApproveFunctionalityForNewProductTypeRequest(NewProductTypeRequestTest.java:67)
	at java.base/java.util.ArrayList.forEach(ArrayList.java:1511)
... Removed 28 stack frames</pre></div><a href='#' onClick='toggleBox("stack-trace936544568", this, "Click to show all stack frames", "Click to hide stack frames")'>Click to show all stack frames</a>
<div class='stack-trace' id='stack-trace936544568'><pre>java.lang.AssertionError: View Button -  element not present
	at org.testng.Assert.fail(Assert.java:99)
	at utils.WebBasePage.click(WebBasePage.java:126)
	at pageObjects.NewProductTypeRequestPage.clickOnViewButton(NewProductTypeRequestPage.java:317)
	at actions.NewProductTypeRequestAction.verifyApproveFunctionality(NewProductTypeRequestAction.java:76)
	at testCases.NewProductTypeRequestTest.validateApproveFunctionalityForNewProductTypeRequest(NewProductTypeRequestTest.java:67)
	at java.base/jdk.internal.reflect.NativeMethodAccessorImpl.invoke0(Native Method)
	at java.base/jdk.internal.reflect.NativeMethodAccessorImpl.invoke(NativeMethodAccessorImpl.java:77)
	at java.base/jdk.internal.reflect.DelegatingMethodAccessorImpl.invoke(DelegatingMethodAccessorImpl.java:43)
	at java.base/java.lang.reflect.Method.invoke(Method.java:568)
	at org.testng.internal.MethodInvocationHelper.invokeMethod(MethodInvocationHelper.java:133)
	at org.testng.internal.TestInvoker.invokeMethod(TestInvoker.java:598)
	at org.testng.internal.TestInvoker.invokeTestMethod(TestInvoker.java:173)
	at org.testng.internal.MethodRunner.runInSequence(MethodRunner.java:46)
	at org.testng.internal.TestInvoker$MethodInvocationAgent.invoke(TestInvoker.java:824)
	at org.testng.internal.TestInvoker.invokeTestMethods(TestInvoker.java:146)
	at org.testng.internal.TestMethodWorker.invokeTestMethods(TestMethodWorker.java:146)
	at org.testng.internal.TestMethodWorker.run(TestMethodWorker.java:128)
	at java.base/java.util.ArrayList.forEach(ArrayList.java:1511)
	at org.testng.TestRunner.privateRun(TestRunner.java:794)
	at org.testng.TestRunner.run(TestRunner.java:596)
	at org.testng.SuiteRunner.runTest(SuiteRunner.java:377)
	at org.testng.SuiteRunner.runSequentially(SuiteRunner.java:371)
	at org.testng.SuiteRunner.privateRun(SuiteRunner.java:332)
	at org.testng.SuiteRunner.run(SuiteRunner.java:276)
	at org.testng.SuiteRunnerWorker.runSuite(SuiteRunnerWorker.java:53)
	at org.testng.SuiteRunnerWorker.run(SuiteRunnerWorker.java:96)
	at org.testng.TestNG.runSuitesSequentially(TestNG.java:1212)
	at org.testng.TestNG.runSuitesLocally(TestNG.java:1134)
	at org.testng.TestNG.runSuites(TestNG.java:1063)
	at org.testng.TestNG.run(TestNG.java:1031)
	at org.testng.remote.AbstractRemoteTestNG.run(AbstractRemoteTestNG.java:115)
	at org.testng.remote.RemoteTestNG.initAndRun(RemoteTestNG.java:251)
	at org.testng.remote.RemoteTestNG.main(RemoteTestNG.java:77)
</pre></div></td>
<td>191</td>
<td>testCases.NewProductTypeRequestTest@5876a9af</td></tr>
<tr>
<td title='testCases.ProductReportTest.validateFunctionalityOfProductAssignmentReportWithProductType()'><b>validateFunctionalityOfProductAssignmentReportWithProductType</b><br>Test class: testCases.ProductReportTest</td>
<td><div><pre>java.lang.AssertionError: java.lang.NullPointerException: Cannot invoke &quot;org.openqa.selenium.WebElement.clear()&quot; because &quot;element&quot; is null
	at utils.WebBasePage.enter(WebBasePage.java:81)
	at pageObjects.UserLoginPage.enterUserName(UserLoginPage.java:37)
	at pageObjects.UserLoginPage.forcefulLogOutLogin(UserLoginPage.java:83)
	at actions.LoginAction.logoutLogin(LoginAction.java:26)
	at testCases.ProductReportTest.validateFunctionalityOfProductAssignmentReportWithProductType(ProductReportTest.java:41)
	at java.base/java.util.ArrayList.forEach(ArrayList.java:1511)
... Removed 28 stack frames</pre></div><a href='#' onClick='toggleBox("stack-trace421329234", this, "Click to show all stack frames", "Click to hide stack frames")'>Click to show all stack frames</a>
<div class='stack-trace' id='stack-trace421329234'><pre>java.lang.AssertionError: java.lang.NullPointerException: Cannot invoke &quot;org.openqa.selenium.WebElement.clear()&quot; because &quot;element&quot; is null
	at org.testng.Assert.fail(Assert.java:99)
	at utils.WebBasePage.enter(WebBasePage.java:81)
	at pageObjects.UserLoginPage.enterUserName(UserLoginPage.java:37)
	at pageObjects.UserLoginPage.forcefulLogOutLogin(UserLoginPage.java:83)
	at actions.LoginAction.logoutLogin(LoginAction.java:26)
	at testCases.ProductReportTest.validateFunctionalityOfProductAssignmentReportWithProductType(ProductReportTest.java:41)
	at java.base/jdk.internal.reflect.NativeMethodAccessorImpl.invoke0(Native Method)
	at java.base/jdk.internal.reflect.NativeMethodAccessorImpl.invoke(NativeMethodAccessorImpl.java:77)
	at java.base/jdk.internal.reflect.DelegatingMethodAccessorImpl.invoke(DelegatingMethodAccessorImpl.java:43)
	at java.base/java.lang.reflect.Method.invoke(Method.java:568)
	at org.testng.internal.MethodInvocationHelper.invokeMethod(MethodInvocationHelper.java:133)
	at org.testng.internal.TestInvoker.invokeMethod(TestInvoker.java:598)
	at org.testng.internal.TestInvoker.invokeTestMethod(TestInvoker.java:173)
	at org.testng.internal.MethodRunner.runInSequence(MethodRunner.java:46)
	at org.testng.internal.TestInvoker$MethodInvocationAgent.invoke(TestInvoker.java:824)
	at org.testng.internal.TestInvoker.invokeTestMethods(TestInvoker.java:146)
	at org.testng.internal.TestMethodWorker.invokeTestMethods(TestMethodWorker.java:146)
	at org.testng.internal.TestMethodWorker.run(TestMethodWorker.java:128)
	at java.base/java.util.ArrayList.forEach(ArrayList.java:1511)
	at org.testng.TestRunner.privateRun(TestRunner.java:794)
	at org.testng.TestRunner.run(TestRunner.java:596)
	at org.testng.SuiteRunner.runTest(SuiteRunner.java:377)
	at org.testng.SuiteRunner.runSequentially(SuiteRunner.java:371)
	at org.testng.SuiteRunner.privateRun(SuiteRunner.java:332)
	at org.testng.SuiteRunner.run(SuiteRunner.java:276)
	at org.testng.SuiteRunnerWorker.runSuite(SuiteRunnerWorker.java:53)
	at org.testng.SuiteRunnerWorker.run(SuiteRunnerWorker.java:96)
	at org.testng.TestNG.runSuitesSequentially(TestNG.java:1212)
	at org.testng.TestNG.runSuitesLocally(TestNG.java:1134)
	at org.testng.TestNG.runSuites(TestNG.java:1063)
	at org.testng.TestNG.run(TestNG.java:1031)
	at org.testng.remote.AbstractRemoteTestNG.run(AbstractRemoteTestNG.java:115)
	at org.testng.remote.RemoteTestNG.initAndRun(RemoteTestNG.java:251)
	at org.testng.remote.RemoteTestNG.main(RemoteTestNG.java:77)
</pre></div></td>
<td>156</td>
<td>testCases.ProductReportTest@6d763516</td></tr>
</table><p>
<table width='100%' border='1' class='invocation-passed'>
<tr><td colspan='4' align='center'><b>PASSED TESTS</b></td></tr>
<tr><td><b>Test method</b></td>
<td width="30%"><b>Exception</b></td>
<td width="10%"><b>Time (seconds)</b></td>
<td><b>Instance</b></td>
</tr>
<tr>
<td title='testCases.ManageProductTest.AddProductwithCreateuniquenamelisting()'><b>AddProductwithCreateuniquenamelisting</b><br>Test class: testCases.ManageProductTest</td>
<td></td>
<td>93</td>
<td>testCases.ManageProductTest@2a798d51</td></tr>
<tr>
<td title='testCases.NormalUserPendingRequestTest.ValidateCheckAvabilityFunctionalityWithProceedTocheckOut()'><b>ValidateCheckAvabilityFunctionalityWithProceedTocheckOut</b><br>Test class: testCases.NormalUserPendingRequestTest</td>
<td></td>
<td>392</td>
<td>testCases.NormalUserPendingRequestTest@6b81ce95</td></tr>
<tr>
<td title='testCases.ManageProductTest.ValidateRejectedProductInTransferredListPage()'><b>ValidateRejectedProductInTransferredListPage</b><br>Test class: testCases.ManageProductTest</td>
<td></td>
<td>61</td>
<td>testCases.ManageProductTest@2a798d51</td></tr>
<tr>
<td title='testCases.ManageProductTest.ValidateImportProductFunctionality()'><b>ValidateImportProductFunctionality</b><br>Test class: testCases.ManageProductTest</td>
<td></td>
<td>77</td>
<td>testCases.ManageProductTest@2a798d51</td></tr>
<tr>
<td title='testCases.ProductContainerListTest.VerifyFunctionalityOfAddProductContainer()'><b>VerifyFunctionalityOfAddProductContainer</b><br>Test class: testCases.ProductContainerListTest</td>
<td></td>
<td>281</td>
<td>testCases.ProductContainerListTest@52bf72b5</td></tr>
<tr>
<td title='testCases.PendingRequestTest.verifyPendingRequest()'><b>verifyPendingRequest</b><br>Test class: testCases.PendingRequestTest</td>
<td></td>
<td>682</td>
<td>testCases.PendingRequestTest@515aebb0</td></tr>
<tr>
<td title='testCases.ProductTypeTest.validateDeleteFunctionality()'><b>validateDeleteFunctionality</b><br>Test class: testCases.ProductTypeTest</td>
<td></td>
<td>99</td>
<td>testCases.ProductTypeTest@37afeb11</td></tr>
<tr>
<td title='testCases.ManageProductTest.ValidateDepreciationFunctionality()'><b>ValidateDepreciationFunctionality</b><br>Test class: testCases.ManageProductTest</td>
<td></td>
<td>57</td>
<td>testCases.ManageProductTest@2a798d51</td></tr>
<tr>
<td title='testCases.NormalUserPendingRequestTest.VerifyNormalUserAssignedProduct()'><b>VerifyNormalUserAssignedProduct</b><br>Test class: testCases.NormalUserPendingRequestTest</td>
<td></td>
<td>875</td>
<td>testCases.NormalUserPendingRequestTest@6b81ce95</td></tr>
<tr>
<td title='testCases.MyProductTest.VerifyReplaceRequestwithRejectFunctionality()'><b>VerifyReplaceRequestwithRejectFunctionality</b><br>Test class: testCases.MyProductTest</td>
<td></td>
<td>988</td>
<td>testCases.MyProductTest@6572421</td></tr>
<tr>
<td title='testCases.ManageProductTest.ValidateandDeleteAddedProductwithCreateuniquenamelisting()'><b>ValidateandDeleteAddedProductwithCreateuniquenamelisting</b><br>Test class: testCases.ManageProductTest</td>
<td></td>
<td>68</td>
<td>testCases.ManageProductTest@2a798d51</td></tr>
<tr>
<td title='testCases.MyProductTest.VerifyTermsAndConditionFunctionalityOfActionButton()'><b>VerifyTermsAndConditionFunctionalityOfActionButton</b><br>Test class: testCases.MyProductTest</td>
<td></td>
<td>895</td>
<td>testCases.MyProductTest@6572421</td></tr>
<tr>
<td title='testCases.NormalUserPendingRequestTest.VerifyTermsAndConditionFunctionalityOfActionButton()'><b>VerifyTermsAndConditionFunctionalityOfActionButton</b><br>Test class: testCases.NormalUserPendingRequestTest</td>
<td></td>
<td>820</td>
<td>testCases.NormalUserPendingRequestTest@6b81ce95</td></tr>
<tr>
<td title='testCases.ProductTypeTest.AddProductTypeValidationCheck()'><b>AddProductTypeValidationCheck</b><br>Test class: testCases.ProductTypeTest</td>
<td></td>
<td>47</td>
<td>testCases.ProductTypeTest@37afeb11</td></tr>
<tr>
<td title='testCases.ProductContainerListTest.VerifyFunctionalityOfDeleteButton()'><b>VerifyFunctionalityOfDeleteButton</b><br>Test class: testCases.ProductContainerListTest</td>
<td></td>
<td>55</td>
<td>testCases.ProductContainerListTest@52bf72b5</td></tr>
<tr>
<td title='testCases.ProductReportTest.validateFunctionalityOfItemLogHistoryReportWithUniqueProductName()'><b>validateFunctionalityOfItemLogHistoryReportWithUniqueProductName</b><br>Test class: testCases.ProductReportTest</td>
<td></td>
<td>83</td>
<td>testCases.ProductReportTest@6d763516</td></tr>
<tr>
<td title='testCases.ManageProductTest.ValidateAddRelationshipFunctionality()'><b>ValidateAddRelationshipFunctionality</b><br>Test class: testCases.ManageProductTest</td>
<td></td>
<td>232</td>
<td>testCases.ManageProductTest@2a798d51</td></tr>
<tr>
<td title='testCases.ProductContainerListTest.VerifyFunctionalityOfInActiveButton()'><b>VerifyFunctionalityOfInActiveButton</b><br>Test class: testCases.ProductContainerListTest</td>
<td></td>
<td>56</td>
<td>testCases.ProductContainerListTest@52bf72b5</td></tr>
<tr>
<td title='testCases.MyProductTest.ValidateFunctionalityOfAddCheckOutRequest()'><b>ValidateFunctionalityOfAddCheckOutRequest</b><br>Test class: testCases.MyProductTest</td>
<td></td>
<td>757</td>
<td>testCases.MyProductTest@6572421</td></tr>
<tr>
<td title='testCases.MyProductTest.validationCheckOfAddCheckOutRequestMandatoryFields()'><b>validationCheckOfAddCheckOutRequestMandatoryFields</b><br>Test class: testCases.MyProductTest</td>
<td></td>
<td>203</td>
<td>testCases.MyProductTest@6572421</td></tr>
<tr>
<td title='testCases.NewProductTypeRequestTest.NewProductTypeRequestValidationCheck()'><b>NewProductTypeRequestValidationCheck</b><br>Test class: testCases.NewProductTypeRequestTest</td>
<td></td>
<td>111</td>
<td>testCases.NewProductTypeRequestTest@5876a9af</td></tr>
<tr>
<td title='testCases.ManageProductTest.ValidateFunctionalityOfProductTransferButton()'><b>ValidateFunctionalityOfProductTransferButton</b><br>Test class: testCases.ManageProductTest</td>
<td></td>
<td>493</td>
<td>testCases.ManageProductTest@2a798d51</td></tr>
<tr>
<td title='testCases.ManageProductTest.ValidateAcceptProductInTransferredListPage()'><b>ValidateAcceptProductInTransferredListPage</b><br>Test class: testCases.ManageProductTest</td>
<td></td>
<td>61</td>
<td>testCases.ManageProductTest@2a798d51</td></tr>
<tr>
<td title='testCases.ManageProductTest.ValidateCheckAvabilityFunctionalityWithProductCheckOut()'><b>ValidateCheckAvabilityFunctionalityWithProductCheckOut</b><br>Test class: testCases.ManageProductTest</td>
<td></td>
<td>550</td>
<td>testCases.ManageProductTest@2a798d51</td></tr>
<tr>
<td title='testCases.ManageProductTest.ValidateFunctionalityOfInTransitProductPageWithRejection()'><b>ValidateFunctionalityOfInTransitProductPageWithRejection</b><br>Test class: testCases.ManageProductTest</td>
<td></td>
<td>125</td>
<td>testCases.ManageProductTest@2a798d51</td></tr>
<tr>
<td title='testCases.NormalUserPendingRequestTest.VerifyConsumeButtonFunctionality()'><b>VerifyConsumeButtonFunctionality</b><br>Test class: testCases.NormalUserPendingRequestTest</td>
<td></td>
<td>849</td>
<td>testCases.NormalUserPendingRequestTest@6b81ce95</td></tr>
<tr>
<td title='testCases.ManageProductTest.ValidateandDeleteAddedProduct()'><b>ValidateandDeleteAddedProduct</b><br>Test class: testCases.ManageProductTest</td>
<td></td>
<td>66</td>
<td>testCases.ManageProductTest@2a798d51</td></tr>
<tr>
<td title='testCases.PendingRequestTest.verifyProductNameInReservationField()'><b>verifyProductNameInReservationField</b><br>Test class: testCases.PendingRequestTest</td>
<td></td>
<td>55</td>
<td>testCases.PendingRequestTest@515aebb0</td></tr>
<tr>
<td title='testCases.ProductReportTest.validateMandatoryFieldsOfProductBarcodeReport()'><b>validateMandatoryFieldsOfProductBarcodeReport</b><br>Test class: testCases.ProductReportTest</td>
<td></td>
<td>85</td>
<td>testCases.ProductReportTest@6d763516</td></tr>
<tr>
<td title='testCases.ProductReportTest.validateFunctionalityOfAuditLogReport()'><b>validateFunctionalityOfAuditLogReport</b><br>Test class: testCases.ProductReportTest</td>
<td></td>
<td>78</td>
<td>testCases.ProductReportTest@6d763516</td></tr>
<tr>
<td title='testCases.ManageProductTest.AddProduct()'><b>AddProduct</b><br>Test class: testCases.ManageProductTest</td>
<td></td>
<td>181</td>
<td>testCases.ManageProductTest@2a798d51</td></tr>
<tr>
<td title='testCases.ProductTypeTest.AddProductType()'><b>AddProductType</b><br>Test class: testCases.ProductTypeTest</td>
<td></td>
<td>95</td>
<td>testCases.ProductTypeTest@37afeb11</td></tr>
<tr>
<td title='testCases.NormalUserPendingRequestTest.VerifyActionButtonRejectFunctionality()'><b>VerifyActionButtonRejectFunctionality</b><br>Test class: testCases.NormalUserPendingRequestTest</td>
<td></td>
<td>794</td>
<td>testCases.NormalUserPendingRequestTest@6b81ce95</td></tr>
<tr>
<td title='testCases.ManageProductTest.ValidateFunctionalityOfInTransitProductPageWithAccept()'><b>ValidateFunctionalityOfInTransitProductPageWithAccept</b><br>Test class: testCases.ManageProductTest</td>
<td></td>
<td>626</td>
<td>testCases.ManageProductTest@2a798d51</td></tr>
<tr>
<td title='testCases.MyProductTest.validationCheckOfCheckAvabilityFunctionality()'><b>validationCheckOfCheckAvabilityFunctionality</b><br>Test class: testCases.MyProductTest</td>
<td></td>
<td>45</td>
<td>testCases.MyProductTest@6572421</td></tr>
<tr>
<td title='testCases.ProductContainerListTest.VerifyFunctionalityOfRefreshButton()'><b>VerifyFunctionalityOfRefreshButton</b><br>Test class: testCases.ProductContainerListTest</td>
<td></td>
<td>48</td>
<td>testCases.ProductContainerListTest@52bf72b5</td></tr>
<tr>
<td title='testCases.ProductTypeTest.ValidateDeleteFunctionalityOfAddProductType()'><b>ValidateDeleteFunctionalityOfAddProductType</b><br>Test class: testCases.ProductTypeTest</td>
<td></td>
<td>57</td>
<td>testCases.ProductTypeTest@37afeb11</td></tr>
<tr>
<td title='testCases.ProductReportTest.validateMandatoryFieldsOfProductCountReport()'><b>validateMandatoryFieldsOfProductCountReport</b><br>Test class: testCases.ProductReportTest</td>
<td></td>
<td>58</td>
<td>testCases.ProductReportTest@6d763516</td></tr>
<tr>
<td title='testCases.MyProductTest.VerifyActionButtonRejectFunctionality()'><b>VerifyActionButtonRejectFunctionality</b><br>Test class: testCases.MyProductTest</td>
<td></td>
<td>890</td>
<td>testCases.MyProductTest@6572421</td></tr>
<tr>
<td title='testCases.ProductTypeTest.ImportProductType()'><b>ImportProductType</b><br>Test class: testCases.ProductTypeTest</td>
<td></td>
<td>80</td>
<td>testCases.ProductTypeTest@37afeb11</td></tr>
<tr>
<td title='testCases.ProductReportTest.validateFunctionalityOfItemLogHistoryReportWithProductName()'><b>validateFunctionalityOfItemLogHistoryReportWithProductName</b><br>Test class: testCases.ProductReportTest</td>
<td></td>
<td>82</td>
<td>testCases.ProductReportTest@6d763516</td></tr>
<tr>
<td title='testCases.ManageProductTest.ValidateCheckAvabilityFunctionalityWithRejection()'><b>ValidateCheckAvabilityFunctionalityWithRejection</b><br>Test class: testCases.ManageProductTest</td>
<td></td>
<td>504</td>
<td>testCases.ManageProductTest@2a798d51</td></tr>
<tr>
<td title='testCases.MyProductTest.VerifySelfCheckOutFunctionality()'><b>VerifySelfCheckOutFunctionality</b><br>Test class: testCases.MyProductTest</td>
<td></td>
<td>74</td>
<td>testCases.MyProductTest@6572421</td></tr>
<tr>
<td title='testCases.MyProductTest.VerifyProductTransferBUttonFunctionality()'><b>VerifyProductTransferBUttonFunctionality</b><br>Test class: testCases.MyProductTest</td>
<td></td>
<td>1007</td>
<td>testCases.MyProductTest@6572421</td></tr>
<tr>
<td title='testCases.MyProductTest.VerifyReturnRequestWithRejectFunctionality()'><b>VerifyReturnRequestWithRejectFunctionality</b><br>Test class: testCases.MyProductTest</td>
<td></td>
<td>1055</td>
<td>testCases.MyProductTest@6572421</td></tr>
<tr>
<td title='testCases.MyProductTest.ValidateFunctionalityOfCheckOutRequestListwithRejection()'><b>ValidateFunctionalityOfCheckOutRequestListwithRejection</b><br>Test class: testCases.MyProductTest</td>
<td></td>
<td>79</td>
<td>testCases.MyProductTest@6572421</td></tr>
<tr>
<td title='testCases.ProductReportTest.validateMandatoryFieldsOfProductReport()'><b>validateMandatoryFieldsOfProductReport</b><br>Test class: testCases.ProductReportTest</td>
<td></td>
<td>63</td>
<td>testCases.ProductReportTest@6d763516</td></tr>
<tr>
<td title='testCases.MyProductTest.VerifyConsumeButtonFunctionality()'><b>VerifyConsumeButtonFunctionality</b><br>Test class: testCases.MyProductTest</td>
<td></td>
<td>920</td>
<td>testCases.MyProductTest@6572421</td></tr>
<tr>
<td title='testCases.ManageProductTest.ValidateUpdatedProduct()'><b>ValidateUpdatedProduct</b><br>Test class: testCases.ManageProductTest</td>
<td></td>
<td>284</td>
<td>testCases.ManageProductTest@2a798d51</td></tr>
<tr>
<td title='testCases.ProductContainerListTest.validateMandatoryFieldsInAddProductContainerPage()'><b>validateMandatoryFieldsInAddProductContainerPage</b><br>Test class: testCases.ProductContainerListTest</td>
<td></td>
<td>40</td>
<td>testCases.ProductContainerListTest@52bf72b5</td></tr>
<tr>
<td title='testCases.NormalUserPendingRequestTest.VerifyReplaceRequestwithApproveFunctionality()'><b>VerifyReplaceRequestwithApproveFunctionality</b><br>Test class: testCases.NormalUserPendingRequestTest</td>
<td></td>
<td>886</td>
<td>testCases.NormalUserPendingRequestTest@6b81ce95</td></tr>
<tr>
<td title='testCases.ProductContainerListTest.VerifyFunctionalityOfActiveButton()'><b>VerifyFunctionalityOfActiveButton</b><br>Test class: testCases.ProductContainerListTest</td>
<td></td>
<td>59</td>
<td>testCases.ProductContainerListTest@52bf72b5</td></tr>
<tr>
<td title='testCases.ProductTypeTest.ImportProductTypeValidationCheck()'><b>ImportProductTypeValidationCheck</b><br>Test class: testCases.ProductTypeTest</td>
<td></td>
<td>61</td>
<td>testCases.ProductTypeTest@37afeb11</td></tr>
<tr>
<td title='testCases.PendingRequestTest.VerifyReturnRequestWithApproveFunctionality()'><b>VerifyReturnRequestWithApproveFunctionality</b><br>Test class: testCases.PendingRequestTest</td>
<td></td>
<td>1060</td>
<td>testCases.PendingRequestTest@515aebb0</td></tr>
<tr>
<td title='testCases.ProductReportTest.validateMandatoryFieldsOfItemLogHistoryReport()'><b>validateMandatoryFieldsOfItemLogHistoryReport</b><br>Test class: testCases.ProductReportTest</td>
<td></td>
<td>55</td>
<td>testCases.ProductReportTest@6d763516</td></tr>
<tr>
<td title='testCases.NormalUserPendingRequestTest.VerifyReturnRequestWithApproveFunctionality()'><b>VerifyReturnRequestWithApproveFunctionality</b><br>Test class: testCases.NormalUserPendingRequestTest</td>
<td></td>
<td>150</td>
<td>testCases.NormalUserPendingRequestTest@6b81ce95</td></tr>
<tr>
<td title='testCases.ProductReportTest.validatemandatoryFieldsOfAuditLogReport()'><b>validatemandatoryFieldsOfAuditLogReport</b><br>Test class: testCases.ProductReportTest</td>
<td></td>
<td>54</td>
<td>testCases.ProductReportTest@6d763516</td></tr>
<tr>
<td title='testCases.ProductReportTest.validateFunctionalityOfItemLogHistoryReportWithDate()'><b>validateFunctionalityOfItemLogHistoryReportWithDate</b><br>Test class: testCases.ProductReportTest</td>
<td></td>
<td>81</td>
<td>testCases.ProductReportTest@6d763516</td></tr>
<tr>
<td title='testCases.ProductTypeTest.ValidateAddedProductType()'><b>ValidateAddedProductType</b><br>Test class: testCases.ProductTypeTest</td>
<td></td>
<td>49</td>
<td>testCases.ProductTypeTest@37afeb11</td></tr>
<tr>
<td title='testCases.ProductReportTest.validateFunctionalityOfProductBarcodeReport()'><b>validateFunctionalityOfProductBarcodeReport</b><br>Test class: testCases.ProductReportTest</td>
<td></td>
<td>84</td>
<td>testCases.ProductReportTest@6d763516</td></tr>
<tr>
<td title='testCases.ProductReportTest.validateFunctionalityOfProductCountReportWithProductType()'><b>validateFunctionalityOfProductCountReportWithProductType</b><br>Test class: testCases.ProductReportTest</td>
<td></td>
<td>72</td>
<td>testCases.ProductReportTest@6d763516</td></tr>
<tr>
<td title='testCases.ManageProductTest.AddProductValidationCheck()'><b>AddProductValidationCheck</b><br>Test class: testCases.ManageProductTest</td>
<td></td>
<td>54</td>
<td>testCases.ManageProductTest@2a798d51</td></tr>
<tr>
<td title='testCases.MyProductTest.VerifyReplaceRequestwithApproveFunctionality()'><b>VerifyReplaceRequestwithApproveFunctionality</b><br>Test class: testCases.MyProductTest</td>
<td></td>
<td>958</td>
<td>testCases.MyProductTest@6572421</td></tr>
<tr>
<td title='testCases.ProductReportTest.validateMandatoryFieldsOfProductAssignmentReport()'><b>validateMandatoryFieldsOfProductAssignmentReport</b><br>Test class: testCases.ProductReportTest</td>
<td></td>
<td>70</td>
<td>testCases.ProductReportTest@6d763516</td></tr>
<tr>
<td title='testCases.MyProductTest.VerifyReturnRequestWithApproveFunctionality()'><b>VerifyReturnRequestWithApproveFunctionality</b><br>Test class: testCases.MyProductTest</td>
<td></td>
<td>966</td>
<td>testCases.MyProductTest@6572421</td></tr>
<tr>
<td title='testCases.NormalUserPendingRequestTest.ValidateFunctionalityOfAddCheckOutRequestFromCheckOutListPage()'><b>ValidateFunctionalityOfAddCheckOutRequestFromCheckOutListPage</b><br>Test class: testCases.NormalUserPendingRequestTest</td>
<td></td>
<td>596</td>
<td>testCases.NormalUserPendingRequestTest@6b81ce95</td></tr>
<tr>
<td title='testCases.PendingRequestTest.VerifyReturnRequestWithRejectFunctionality()'><b>VerifyReturnRequestWithRejectFunctionality</b><br>Test class: testCases.PendingRequestTest</td>
<td></td>
<td>995</td>
<td>testCases.PendingRequestTest@515aebb0</td></tr>
</table><p>
<table width='100%' border='1' class='invocation-skipped'>
<tr><td colspan='4' align='center'><b>SKIPPED TESTS</b></td></tr>
<tr><td><b>Test method</b></td>
<td width="30%"><b>Exception</b></td>
<td width="10%"><b>Time (seconds)</b></td>
<td><b>Instance</b></td>
</tr>
<tr>
<td title='testCases.NewProductTypeRequestTest.verifyNewAddeProductTypeInNewProductTypeRequestListPage()'><b>verifyNewAddeProductTypeInNewProductTypeRequestListPage</b><br>Test class: testCases.NewProductTypeRequestTest</td>
<td><div><pre>java.lang.Throwable: Method NewProductTypeRequestTest.verifyNewAddeProductTypeInNewProductTypeRequestListPage()[pri:3, instance:testCases.NewProductTypeRequestTest@5876a9af] depends on not successfully finished methods
	at java.base/java.util.ArrayList.forEach(ArrayList.java:1511)
... Removed 18 stack frames</pre></div><a href='#' onClick='toggleBox("stack-trace1232948374", this, "Click to show all stack frames", "Click to hide stack frames")'>Click to show all stack frames</a>
<div class='stack-trace' id='stack-trace1232948374'><pre>java.lang.Throwable: Method NewProductTypeRequestTest.verifyNewAddeProductTypeInNewProductTypeRequestListPage()[pri:3, instance:testCases.NewProductTypeRequestTest@5876a9af] depends on not successfully finished methods
	at org.testng.internal.TestInvoker.invokeTestMethods(TestInvoker.java:102)
	at org.testng.internal.TestMethodWorker.invokeTestMethods(TestMethodWorker.java:146)
	at org.testng.internal.TestMethodWorker.run(TestMethodWorker.java:128)
	at java.base/java.util.ArrayList.forEach(ArrayList.java:1511)
	at org.testng.TestRunner.privateRun(TestRunner.java:794)
	at org.testng.TestRunner.run(TestRunner.java:596)
	at org.testng.SuiteRunner.runTest(SuiteRunner.java:377)
	at org.testng.SuiteRunner.runSequentially(SuiteRunner.java:371)
	at org.testng.SuiteRunner.privateRun(SuiteRunner.java:332)
	at org.testng.SuiteRunner.run(SuiteRunner.java:276)
	at org.testng.SuiteRunnerWorker.runSuite(SuiteRunnerWorker.java:53)
	at org.testng.SuiteRunnerWorker.run(SuiteRunnerWorker.java:96)
	at org.testng.TestNG.runSuitesSequentially(TestNG.java:1212)
	at org.testng.TestNG.runSuitesLocally(TestNG.java:1134)
	at org.testng.TestNG.runSuites(TestNG.java:1063)
	at org.testng.TestNG.run(TestNG.java:1031)
	at org.testng.remote.AbstractRemoteTestNG.run(AbstractRemoteTestNG.java:115)
	at org.testng.remote.RemoteTestNG.initAndRun(RemoteTestNG.java:251)
	at org.testng.remote.RemoteTestNG.main(RemoteTestNG.java:77)
</pre></div></td>
<td>0</td>
<td>testCases.NewProductTypeRequestTest@5876a9af</td></tr>
<tr>
<td title='testCases.NewProductTypeRequestTest.validateRemoveButtonFunctionality()'><b>validateRemoveButtonFunctionality</b><br>Test class: testCases.NewProductTypeRequestTest</td>
<td><div><pre>java.lang.Throwable: Method NewProductTypeRequestTest.validateRemoveButtonFunctionality()[pri:4, instance:testCases.NewProductTypeRequestTest@5876a9af] depends on not successfully finished methods
	at java.base/java.util.ArrayList.forEach(ArrayList.java:1511)
... Removed 18 stack frames</pre></div><a href='#' onClick='toggleBox("stack-trace1775488894", this, "Click to show all stack frames", "Click to hide stack frames")'>Click to show all stack frames</a>
<div class='stack-trace' id='stack-trace1775488894'><pre>java.lang.Throwable: Method NewProductTypeRequestTest.validateRemoveButtonFunctionality()[pri:4, instance:testCases.NewProductTypeRequestTest@5876a9af] depends on not successfully finished methods
	at org.testng.internal.TestInvoker.invokeTestMethods(TestInvoker.java:102)
	at org.testng.internal.TestMethodWorker.invokeTestMethods(TestMethodWorker.java:146)
	at org.testng.internal.TestMethodWorker.run(TestMethodWorker.java:128)
	at java.base/java.util.ArrayList.forEach(ArrayList.java:1511)
	at org.testng.TestRunner.privateRun(TestRunner.java:794)
	at org.testng.TestRunner.run(TestRunner.java:596)
	at org.testng.SuiteRunner.runTest(SuiteRunner.java:377)
	at org.testng.SuiteRunner.runSequentially(SuiteRunner.java:371)
	at org.testng.SuiteRunner.privateRun(SuiteRunner.java:332)
	at org.testng.SuiteRunner.run(SuiteRunner.java:276)
	at org.testng.SuiteRunnerWorker.runSuite(SuiteRunnerWorker.java:53)
	at org.testng.SuiteRunnerWorker.run(SuiteRunnerWorker.java:96)
	at org.testng.TestNG.runSuitesSequentially(TestNG.java:1212)
	at org.testng.TestNG.runSuitesLocally(TestNG.java:1134)
	at org.testng.TestNG.runSuites(TestNG.java:1063)
	at org.testng.TestNG.run(TestNG.java:1031)
	at org.testng.remote.AbstractRemoteTestNG.run(AbstractRemoteTestNG.java:115)
	at org.testng.remote.RemoteTestNG.initAndRun(RemoteTestNG.java:251)
	at org.testng.remote.RemoteTestNG.main(RemoteTestNG.java:77)
</pre></div></td>
<td>0</td>
<td>testCases.NewProductTypeRequestTest@5876a9af</td></tr>
</table><p>
</body>
</html>