<?xml version="1.0" encoding="UTF-8"?>
<!-- Generated by org.testng.reporters.JUnitXMLReporter -->
<testsuite ignored="8" hostname="COG-WIN-MAC03" failures="9" tests="78" name="Test" time="24775.085" errors="0" timestamp="2023-07-15T03:30:15 IST">
  <testcase classname="testCases.NewProductTypeRequestTest" name="NewProductTypeRequestValidationCheck" time="111.217"/>
  <testcase classname="testCases.NewProductTypeRequestTest" name="addNewProductType" time="191.149">
    <failure type="java.lang.AssertionError" message="Save Button -  element not clickable">
      <![CDATA[java.lang.AssertionError: Save Button -  element not clickable
at utils.WebBasePage.click(WebBasePage.java:119)
at pageObjects.NewProductTypeRequestPage.clickOnSave(NewProductTypeRequestPage.java:93)
at actions.NewProductTypeRequestAction.checkFunctionalityOfRequestNewProductType(NewProductTypeRequestAction.java:46)
at testCases.NewProductTypeRequestTest.addNewProductType(NewProductTypeRequestTest.java:35)
at java.base/java.util.ArrayList.forEach(ArrayList.java:1511)
... Removed 28 stack frames]]>
    </failure>
  </testcase> <!-- addNewProductType -->
  <testcase classname="testCases.NewProductTypeRequestTest" name="verifyNewAddeProductTypeInNewProductTypeRequestListPage" time="0.0">
    <skipped/>
  </testcase> <!-- verifyNewAddeProductTypeInNewProductTypeRequestListPage -->
  <testcase classname="testCases.NewProductTypeRequestTest" name="validateRemoveButtonFunctionality" time="0.0">
    <skipped/>
  </testcase> <!-- validateRemoveButtonFunctionality -->
  <testcase classname="testCases.NewProductTypeRequestTest" name="validateApproveFunctionalityForNewProductTypeRequest" time="191.269">
    <failure type="java.lang.AssertionError" message="View Button -  element not present">
      <![CDATA[java.lang.AssertionError: View Button -  element not present
at utils.WebBasePage.click(WebBasePage.java:126)
at pageObjects.NewProductTypeRequestPage.clickOnViewButton(NewProductTypeRequestPage.java:317)
at actions.NewProductTypeRequestAction.verifyApproveFunctionality(NewProductTypeRequestAction.java:76)
at testCases.NewProductTypeRequestTest.validateApproveFunctionalityForNewProductTypeRequest(NewProductTypeRequestTest.java:67)
at java.base/java.util.ArrayList.forEach(ArrayList.java:1511)
... Removed 28 stack frames]]>
    </failure>
  </testcase> <!-- validateApproveFunctionalityForNewProductTypeRequest -->
  <testcase classname="testCases.NewProductTypeRequestTest" name="validateRejectFunctionalityForNewProductTypeRequest" time="193.705">
    <failure type="java.lang.AssertionError" message="View Button -  element not present">
      <![CDATA[java.lang.AssertionError: View Button -  element not present
at utils.WebBasePage.click(WebBasePage.java:126)
at pageObjects.NewProductTypeRequestPage.clickOnViewButton(NewProductTypeRequestPage.java:317)
at actions.NewProductTypeRequestAction.verifyRejectionFunctionality(NewProductTypeRequestAction.java:89)
at testCases.NewProductTypeRequestTest.validateRejectFunctionalityForNewProductTypeRequest(NewProductTypeRequestTest.java:81)
at java.base/java.util.ArrayList.forEach(ArrayList.java:1511)
... Removed 28 stack frames]]>
    </failure>
  </testcase> <!-- validateRejectFunctionalityForNewProductTypeRequest -->
  <testcase classname="testCases.MyProductTest" name="validationCheckOfCheckAvabilityFunctionality" time="45.616"/>
  <testcase classname="testCases.MyProductTest" name="validationCheckOfAddCheckOutRequestMandatoryFields" time="203.898"/>
  <testcase classname="testCases.MyProductTest" name="ValidateFunctionalityOfAddCheckOutRequest" time="757.589"/>
  <testcase classname="testCases.MyProductTest" name="ValidateFunctionalityOfCheckOutRequestListwithRejection" time="79.856"/>
  <testcase classname="testCases.MyProductTest" name="VerifyReturnRequestWithApproveFunctionality" time="966.682"/>
  <testcase classname="testCases.MyProductTest" name="VerifyReturnRequestWithRejectFunctionality" time="1055.73"/>
  <testcase classname="testCases.MyProductTest" name="VerifyActionButtonRejectFunctionality" time="890.61"/>
  <testcase classname="testCases.MyProductTest" name="VerifyConsumeButtonFunctionality" time="920.037"/>
  <testcase classname="testCases.MyProductTest" name="VerifyReplaceRequestwithApproveFunctionality" time="958.722"/>
  <testcase classname="testCases.MyProductTest" name="VerifySelfCheckOutFunctionality" time="74.121"/>
  <testcase classname="testCases.MyProductTest" name="VerifyProductTransferBUttonFunctionality" time="1007.478"/>
  <testcase classname="testCases.MyProductTest" name="VerifyReplaceRequestwithRejectFunctionality" time="988.009"/>
  <testcase classname="testCases.MyProductTest" name="VerifyTermsAndConditionFunctionalityOfActionButton" time="895.381"/>
  <testcase classname="testCases.NormalUserPendingRequestTest" name="VerifyNormalUserAssignedProduct" time="875.703"/>
  <testcase classname="testCases.NormalUserPendingRequestTest" name="VerifyReturnRequestWithApproveFunctionality" time="150.6"/>
  <testcase classname="testCases.NormalUserPendingRequestTest" name="VerifyReturnRequestWithRejectFunctionality" time="895.225">
    <failure type="java.lang.AssertionError" message="java.lang.NullPointerException: Cannot invoke &amp;quot;org.openqa.selenium.WebElement.clear()&amp;quot; because &amp;quot;element&amp;quot; is null">
      <![CDATA[java.lang.AssertionError: java.lang.NullPointerException: Cannot invoke "org.openqa.selenium.WebElement.clear()" because "element" is null
at utils.WebBasePage.enter(WebBasePage.java:81)
at pageObjects.UserLoginPage.enterUserName(UserLoginPage.java:37)
at pageObjects.UserLoginPage.forcefulLogOutLogin(UserLoginPage.java:83)
at actions.LoginAction.logoutLogin(LoginAction.java:26)
at testCases.NormalUserPendingRequestTest.VerifyReturnRequestWithRejectFunctionality(NormalUserPendingRequestTest.java:128)
at java.base/java.util.ArrayList.forEach(ArrayList.java:1511)
... Removed 28 stack frames]]>
    </failure>
  </testcase> <!-- VerifyReturnRequestWithRejectFunctionality -->
  <testcase classname="testCases.NormalUserPendingRequestTest" name="VerifyActionButtonRejectFunctionality" time="794.054"/>
  <testcase classname="testCases.NormalUserPendingRequestTest" name="ValidateCheckAvabilityFunctionalityWithProceedTocheckOut" time="392.922"/>
  <testcase classname="testCases.NormalUserPendingRequestTest" name="ValidateFunctionalityOfAddCheckOutRequestFromCheckOutListPage" time="596.067"/>
  <testcase classname="testCases.NormalUserPendingRequestTest" name="VerifyConsumeButtonFunctionality" time="849.63"/>
  <testcase classname="testCases.NormalUserPendingRequestTest" name="VerifyReplaceRequestwithApproveFunctionality" time="886.825"/>
  <testcase classname="testCases.NormalUserPendingRequestTest" name="VerifyReplaceRequestwithRejectFunctionality" time="229.161">
    <failure type="java.lang.AssertionError" message="org.openqa.selenium.NoSuchElementException: Cannot locate element with text: ProductTypeName230714231642
For documentation on this error, please visit: https://www.seleniumhq.org/exceptions/no_such_element.html
Build info: version: &amp;apos;3.141.59&amp;apos;, revision: &amp;apos;e82be7d358&amp;apos;, time: &amp;apos;2018-11-14T08:17:03&amp;apos;
System info: host: &amp;apos;COG-WIN-MAC03&amp;apos;, ip: &amp;apos;192.168.0.159&amp;apos;, os.name: &amp;apos;Windows 10&amp;apos;, os.arch: &amp;apos;amd64&amp;apos;, os.version: &amp;apos;10.0&amp;apos;, java.version: &amp;apos;17.0.2&amp;apos;
Driver info: driver.version: unknown">
      <![CDATA[java.lang.AssertionError: org.openqa.selenium.NoSuchElementException: Cannot locate element with text: ProductTypeName230714231642
For documentation on this error, please visit: https://www.seleniumhq.org/exceptions/no_such_element.html
Build info: version: '3.141.59', revision: 'e82be7d358', time: '2018-11-14T08:17:03'
System info: host: 'COG-WIN-MAC03', ip: '192.168.0.159', os.name: 'Windows 10', os.arch: 'amd64', os.version: '10.0', java.version: '17.0.2'
Driver info: driver.version: unknown
at utils.WebBasePage.selectValueWithText(WebBasePage.java:177)
at pageObjects.MyProductsPage.clickOnSelectProductType(MyProductsPage.java:424)
at actions.MyProductsAction.checkFunctionalityOfAddCheckOutRequest(MyProductsAction.java:132)
at testCases.NormalUserPendingRequestTest.VerifyReplaceRequestwithRejectFunctionality(NormalUserPendingRequestTest.java:333)
at java.base/java.util.ArrayList.forEach(ArrayList.java:1511)
... Removed 28 stack frames]]>
    </failure>
  </testcase> <!-- VerifyReplaceRequestwithRejectFunctionality -->
  <testcase classname="testCases.NormalUserPendingRequestTest" name="VerifyTermsAndConditionFunctionalityOfActionButton" time="820.95"/>
  <testcase classname="testCases.ManageProductTest" name="AddProductValidationCheck" time="54.15"/>
  <testcase classname="testCases.ManageProductTest" name="AddProduct" time="181.485"/>
  <testcase classname="testCases.ManageProductTest" name="ValidateandDeleteAddedProduct" time="66.524"/>
  <testcase classname="testCases.ManageProductTest" name="AddProductwithCreateuniquenamelisting" time="93.359"/>
  <testcase classname="testCases.ManageProductTest" name="ValidateandDeleteAddedProductwithCreateuniquenamelisting" time="68.417"/>
  <testcase classname="testCases.ManageProductTest" name="ValidateFunctionalityOfProductTransferButton" time="493.803"/>
  <testcase classname="testCases.ManageProductTest" name="ValidateFunctionalityOfInTransitProductPageWithRejection" time="125.92"/>
  <testcase classname="testCases.ManageProductTest" name="ValidateRejectedProductInTransferredListPage" time="61.09"/>
  <testcase classname="testCases.ManageProductTest" name="ValidateFunctionalityOfInTransitProductPageWithAccept" time="626.603"/>
  <testcase classname="testCases.ManageProductTest" name="ValidateAcceptProductInTransferredListPage" time="61.936"/>
  <testcase classname="testCases.ManageProductTest" name="ValidateUpdatedProduct" time="284.975"/>
  <testcase classname="testCases.ManageProductTest" name="ValidateDepreciationFunctionality" time="57.02"/>
  <testcase classname="testCases.ManageProductTest" name="ValidateAddRelationshipFunctionality" time="232.842"/>
  <testcase classname="testCases.ManageProductTest" name="ValidateCheckAvabilityFunctionalityWithProductCheckOut" time="550.323"/>
  <testcase classname="testCases.ManageProductTest" name="ValidateCheckAvabilityFunctionalityWithRejection" time="504.94"/>
  <testcase classname="testCases.ManageProductTest" name="ValidateImportProductFunctionality" time="77.481"/>
  <testcase classname="testCases.ProductReportTest" name="validateMandatoryFieldsOfProductAssignmentReport" time="70.402"/>
  <testcase classname="testCases.ProductReportTest" name="validateFunctionalityOfProductAssignmentReportWithProductType" time="156.132">
    <failure type="java.lang.AssertionError" message="java.lang.NullPointerException: Cannot invoke &amp;quot;org.openqa.selenium.WebElement.clear()&amp;quot; because &amp;quot;element&amp;quot; is null">
      <![CDATA[java.lang.AssertionError: java.lang.NullPointerException: Cannot invoke "org.openqa.selenium.WebElement.clear()" because "element" is null
at utils.WebBasePage.enter(WebBasePage.java:81)
at pageObjects.UserLoginPage.enterUserName(UserLoginPage.java:37)
at pageObjects.UserLoginPage.forcefulLogOutLogin(UserLoginPage.java:83)
at actions.LoginAction.logoutLogin(LoginAction.java:26)
at testCases.ProductReportTest.validateFunctionalityOfProductAssignmentReportWithProductType(ProductReportTest.java:41)
at java.base/java.util.ArrayList.forEach(ArrayList.java:1511)
... Removed 28 stack frames]]>
    </failure>
  </testcase> <!-- validateFunctionalityOfProductAssignmentReportWithProductType -->
  <testcase classname="testCases.ProductReportTest" name="validateFunctionalityOfProductAssignmentReportWithProductName" time="73.38">
    <failure type="java.lang.AssertionError" message="Product Name -  element not present">
      <![CDATA[java.lang.AssertionError: Product Name -  element not present
at utils.WebBasePage.click(WebBasePage.java:126)
at pageObjects.ProductReportPage.selectProductName(ProductReportPage.java:147)
at actions.ProductReportAction.validateProductAssignmentReportWithProductName(ProductReportAction.java:51)
at testCases.ProductReportTest.validateFunctionalityOfProductAssignmentReportWithProductName(ProductReportTest.java:101)
at java.base/java.util.ArrayList.forEach(ArrayList.java:1511)
... Removed 28 stack frames]]>
    </failure>
  </testcase> <!-- validateFunctionalityOfProductAssignmentReportWithProductName -->
  <testcase classname="testCases.ProductReportTest" name="validateFunctionalityOfProductAssignmentReportWithToadyDate" time="90.901">
    <failure type="java.lang.AssertionError" message="Product Name -  element not present">
      <![CDATA[java.lang.AssertionError: Product Name -  element not present
at utils.WebBasePage.click(WebBasePage.java:126)
at pageObjects.ProductReportPage.selectProductName(ProductReportPage.java:147)
at actions.ProductReportAction.validateProductAssignmentReportWithTodayDate(ProductReportAction.java:63)
at testCases.ProductReportTest.validateFunctionalityOfProductAssignmentReportWithToadyDate(ProductReportTest.java:147)
at java.base/java.util.ArrayList.forEach(ArrayList.java:1511)
... Removed 28 stack frames]]>
    </failure>
  </testcase> <!-- validateFunctionalityOfProductAssignmentReportWithToadyDate -->
  <testcase classname="testCases.ProductReportTest" name="validatemandatoryFieldsOfAuditLogReport" time="54.776"/>
  <testcase classname="testCases.ProductReportTest" name="validateFunctionalityOfAuditLogReport" time="78.771"/>
  <testcase classname="testCases.ProductReportTest" name="validateMandatoryFieldsOfProductBarcodeReport" time="85.592"/>
  <testcase classname="testCases.ProductReportTest" name="validateFunctionalityOfProductBarcodeReport" time="84.179"/>
  <testcase classname="testCases.ProductReportTest" name="validateMandatoryFieldsOfItemLogHistoryReport" time="55.377"/>
  <testcase classname="testCases.ProductReportTest" name="validateFunctionalityOfItemLogHistoryReportWithProductName" time="82.469"/>
  <testcase classname="testCases.ProductReportTest" name="validateFunctionalityOfItemLogHistoryReportWithUniqueProductName" time="83.132"/>
  <testcase classname="testCases.ProductReportTest" name="validateFunctionalityOfItemLogHistoryReportWithDate" time="81.793"/>
  <testcase classname="testCases.ProductReportTest" name="validateMandatoryFieldsOfProductCountReport" time="58.828"/>
  <testcase classname="testCases.ProductReportTest" name="validateFunctionalityOfProductCountReportWithProductType" time="72.711"/>
  <testcase classname="testCases.ProductReportTest" name="validateMandatoryFieldsOfProductReport" time="63.648"/>
  <testcase classname="testCases.ProductReportTest" name="validateFunctionalityOfProductReportWithProductType" time="105.14">
    <failure type="java.lang.AssertionError" message="Expand arrow -  element not present">
      <![CDATA[java.lang.AssertionError: Expand arrow -  element not present
at utils.WebBasePage.click(WebBasePage.java:126)
at pageObjects.ProductReportPage.validateProjectNameInProjectReport(ProductReportPage.java:670)
at actions.ProductReportAction.validateProductReportWithProductType(ProductReportAction.java:207)
at testCases.ProductReportTest.validateFunctionalityOfProductReportWithProductType(ProductReportTest.java:430)
at java.base/java.util.ArrayList.forEach(ArrayList.java:1511)
... Removed 28 stack frames]]>
    </failure>
  </testcase> <!-- validateFunctionalityOfProductReportWithProductType -->
  <testcase classname="testCases.ProductContainerListTest" name="validateMandatoryFieldsInAddProductContainerPage" time="40.929"/>
  <testcase classname="testCases.ProductContainerListTest" name="VerifyFunctionalityOfAddProductContainer" time="281.559"/>
  <testcase classname="testCases.ProductContainerListTest" name="VerifyFunctionalityOfRefreshButton" time="48.73"/>
  <testcase classname="testCases.ProductContainerListTest" name="VerifyFunctionalityOfInActiveButton" time="56.06"/>
  <testcase classname="testCases.ProductContainerListTest" name="VerifyFunctionalityOfActiveButton" time="59.101"/>
  <testcase classname="testCases.ProductContainerListTest" name="VerifyFunctionalityOfDeleteButton" time="55.253"/>
  <testcase classname="testCases.ProductTypeTest" name="AddProductTypeValidationCheck" time="47.614"/>
  <testcase classname="testCases.ProductTypeTest" name="ImportProductTypeValidationCheck" time="61.587"/>
  <testcase classname="testCases.ProductTypeTest" name="ImportProductType" time="80.294"/>
  <testcase classname="testCases.ProductTypeTest" name="validateDeleteFunctionality" time="99.386"/>
  <testcase classname="testCases.ProductTypeTest" name="AddProductType" time="95.079"/>
  <testcase classname="testCases.ProductTypeTest" name="ValidateAddedProductType" time="49.927"/>
  <testcase classname="testCases.ProductTypeTest" name="ValidateDeleteFunctionalityOfAddProductType" time="57.545"/>
  <testcase classname="testCases.PendingRequestTest" name="verifyPendingRequest" time="682.732"/>
  <testcase classname="testCases.PendingRequestTest" name="verifyProductNameInReservationField" time="55.639"/>
  <testcase classname="testCases.PendingRequestTest" name="VerifyReturnRequestWithApproveFunctionality" time="1060.125"/>
  <testcase classname="testCases.PendingRequestTest" name="VerifyReturnRequestWithRejectFunctionality" time="995.035"/>
  <testcase classname="utils.WebTestBase" name="@AfterSuite close" time="0.0">
    <ignored/>
  </testcase> <!-- @AfterSuite close -->
  <testcase classname="utils.WebTestBase" name="@AfterSuite close" time="0.0">
    <ignored/>
  </testcase> <!-- @AfterSuite close -->
  <testcase classname="utils.WebTestBase" name="@AfterSuite close" time="0.0">
    <ignored/>
  </testcase> <!-- @AfterSuite close -->
  <testcase classname="utils.WebTestBase" name="@AfterSuite close" time="0.0">
    <ignored/>
  </testcase> <!-- @AfterSuite close -->
  <testcase classname="utils.WebTestBase" name="@AfterSuite close" time="0.0">
    <ignored/>
  </testcase> <!-- @AfterSuite close -->
  <testcase classname="utils.WebTestBase" name="@AfterSuite close" time="0.0">
    <ignored/>
  </testcase> <!-- @AfterSuite close -->
  <testcase classname="utils.WebTestBase" name="@AfterSuite close" time="0.0">
    <ignored/>
  </testcase> <!-- @AfterSuite close -->
  <testcase classname="utils.WebTestBase" name="@AfterSuite close" time="0.0">
    <ignored/>
  </testcase> <!-- @AfterSuite close -->
</testsuite> <!-- Test -->
